{
  "RSpec": {
    "coverage": {
      "/Users/nath/Estudos/buy_x_get_y/app/models/cart.rb": {
        "lines": [
          1,
          1,
          null
        ]
      },
      "/Users/nath/Estudos/buy_x_get_y/app/models/application_record.rb": {
        "lines": [
          1,
          1,
          null
        ]
      },
      "/Users/nath/Estudos/buy_x_get_y/app/models/line_item.rb": {
        "lines": [
          1,
          1,
          null,
          1,
          1,
          1,
          null
        ]
      },
      "/Users/nath/Estudos/buy_x_get_y/app/services/discount_calculator_service.rb": {
        "lines": [
          1,
          1,
          null,
          1,
          null,
          1,
          4,
          4,
          null,
          null,
          1,
          4,
          8,
          null,
          null,
          12,
          null,
          4,
          null,
          null,
          1,
          null,
          1,
          8,
          1,
          null,
          7,
          null,
          null,
          null,
          1,
          8,
          null,
          null,
          1,
          26,
          null,
          null,
          1,
          2,
          3,
          2,
          null,
          null,
          1,
          18,
          null,
          null,
          1,
          6,
          null,
          null,
          1,
          1,
          null,
          null
        ]
      },
      "/Users/nath/Estudos/buy_x_get_y/app/controllers/api/v1/carts_controller.rb": {
        "lines": [
          0,
          0,
          0,
          0,
          0,
          0,
          null,
          0,
          0,
          null,
          0,
          null,
          0,
          0,
          0,
          0,
          0,
          0
        ],
        "branches": {
        }
      }
    },
    "timestamp": 1730101731
  }
}
