{
  "RSpec": {
    "coverage": {
      "/Users/nath/Estudos/buy_x_get_y/app/models/cart.rb": {
        "lines": [
          1,
          1,
          null
        ]
      },
      "/Users/nath/Estudos/buy_x_get_y/app/models/application_record.rb": {
        "lines": [
          1,
          1,
          null
        ]
      },
      "/Users/nath/Estudos/buy_x_get_y/app/models/line_item.rb": {
        "lines": [
          1,
          1,
          null,
          1,
          1,
          1,
          null
        ]
      },
      "/Users/nath/Estudos/buy_x_get_y/app/services/discount_calculator_service.rb": {
        "lines": [
          1,
          1,
          null,
          1,
          null,
          1,
          5,
          5,
          null,
          null,
          1,
          5,
          null,
          5,
          11,
          null,
          null,
          16,
          null,
          5,
          null,
          null,
          1,
          null,
          1,
          11,
          2,
          null,
          9,
          null,
          null,
          null,
          1,
          11,
          null,
          null,
          1,
          30,
          null,
          null,
          1,
          3,
          6,
          3,
          null,
          null,
          1,
          19,
          null,
          null,
          1,
          14,
          null,
          null,
          1,
          2,
          null,
          null
        ]
      },
      "/Users/nath/Estudos/buy_x_get_y/app/controllers/api/v1/carts_controller.rb": {
        "lines": [
          1,
          1,
          1,
          1,
          1,
          1,
          null,
          1,
          null,
          null,
          1,
          null,
          1,
          1,
          null,
          null,
          null,
          null
        ]
      }
    },
    "timestamp": 1730130445
  }
}
